[0.027s] Invoking command in '/home/duy_dev/dev_ws/build/my_package': /usr/bin/cmake --build /home/duy_dev/dev_ws/build/my_package -- -j8 -l8
[0.051s] -- Found ament_cmake: 1.3.5 (/opt/ros/humble/share/ament_cmake/cmake)
[0.195s] Traceback (most recent call last):
[0.195s]   File "/opt/ros/humble/share/ament_cmake_core/cmake/package_templates/templates_2_cmake.py", line 21, in <module>
[0.195s]     from ament_package.templates import get_environment_hook_template_path
[0.195s] ModuleNotFoundError: No module named 'ament_package'
[0.204s] [31mCMake Error at /opt/ros/humble/share/ament_cmake_core/cmake/ament_cmake_package_templates-extras.cmake:41 (message):
[0.204s]   execute_process(/usr/bin/python3.10
[0.204s]   /opt/ros/humble/share/ament_cmake_core/cmake/package_templates/templates_2_cmake.py
[0.204s]   /home/duy_dev/dev_ws/build/my_package/ament_cmake_package_templates/templates.cmake)
[0.205s]   returned error code 1
[0.205s] Call Stack (most recent call first):
[0.205s]   /opt/ros/humble/share/ament_cmake_core/cmake/ament_cmake_coreConfig.cmake:41 (include)
[0.205s]   /opt/ros/humble/share/ament_cmake/cmake/ament_cmake_export_dependencies-extras.cmake:15 (find_package)
[0.205s]   /opt/ros/humble/share/ament_cmake/cmake/ament_cmakeConfig.cmake:41 (include)
[0.205s]   CMakeLists.txt:9 (find_package)
[0.205s] 
[0.205s] [0m
[0.205s] -- Configuring incomplete, errors occurred!
[0.205s] See also "/home/duy_dev/dev_ws/build/my_package/CMakeFiles/CMakeOutput.log".
[0.207s] gmake: *** [Makefile:226: cmake_check_build_system] Error 1
[0.210s] Invoked command in '/home/duy_dev/dev_ws/build/my_package' returned '2': /usr/bin/cmake --build /home/duy_dev/dev_ws/build/my_package -- -j8 -l8
